<?xml version="1.0" encoding="UTF-8"?>
<!-- Generated by org.testng.reporters.JUnitXMLReporter -->
<testsuite ignored="0" hostname="harish" failures="0" tests="3" name="Test" time="0.115" errors="0" timestamp="2023-08-08T10:45:56 IST">
  <testcase classname="testing.DataProviderTest" name="bookTicketTest" time="0.011"/>
  <testcase classname="testing.DataProviderTest" name="bookTicketTest" time="0.001"/>
  <testcase classname="testing.DataProviderTest" name="bookTicketTest" time="0.001"/>
</testsuite> <!-- Test -->
